[2016-06-07 09:48:55,313] WARNING : Not Found: /favicon.ico
[2016-06-07 09:49:01,193] WARNING : Not Found: /favicon.ico
[2016-06-07 09:53:35,888] WARNING : Not Found: /favicon.ico
[2016-06-07 09:53:35,958] WARNING : Not Found: /favicon.ico
[2016-06-07 12:15:59,859] WARNING : Not Found: /http:/www.baidu.com/cache/global/img/gs.gif
[2016-06-07 12:32:45,063] WARNING : Not Found: /http:/www.baidu.com/cache/global/img/gs.gif
[2016-06-07 12:35:46,257] WARNING : Not Found: /http:/www.baidu.com/cache/global/img/gs.gif
[2016-06-08 09:33:12,302] WARNING : Not Found: /favicon.ico
[2016-06-08 09:33:14,950] WARNING : Not Found: /favicon.ico
[2016-06-12 09:56:20,347] WARNING : Not Found: /favicon.ico
[2016-06-12 09:56:20,357] WARNING : Not Found: /favicon.ico
[2016-06-12 12:44:04,319] WARNING : Not Found: /http:/www.baidu.com/cache/global/img/gs.gif
[2016-06-13 10:26:53,250] WARNING : Not Found: /favicon.ico
[2016-06-13 10:26:56,094] WARNING : Not Found: /favicon.ico
[2016-06-13 11:26:04,558] WARNING : Not Found: /http:/www.baidu.com/cache/global/img/gs.gif
[2016-06-13 12:50:32,350] WARNING : Not Found: /http:/www.baidu.com/cache/global/img/gs.gif
[2016-06-13 13:58:14,597] WARNING : Not Found: /favicon.ico
[2016-06-13 13:58:23,550] WARNING : Not Found: /favicon.ico
[2016-06-13 15:03:18,598] WARNING : Not Found: /console/j_security_check
[2016-06-13 15:03:22,543] WARNING : Not Found: /axis2/axis2-admin/
[2016-06-13 15:03:22,655] WARNING : Not Found: /axis2-admin/
[2016-06-13 15:03:22,781] WARNING : Not Found: /cacti/plugins/weathermap/editor.php
[2016-06-13 15:03:22,913] WARNING : Not Found: /plugins/weathermap/editor.php
[2016-06-13 15:03:23,009] WARNING : Not Found: /solr/admin
[2016-06-13 15:03:23,103] WARNING : Not Found: /zabbix/
[2016-06-13 15:03:23,226] WARNING : Not Found: /jira/
[2016-06-13 15:03:23,384] WARNING : Not Found: /jenkins/
[2016-06-13 15:03:23,500] WARNING : Not Found: /login/
[2016-06-13 15:03:23,621] WARNING : Not Found: /memadmin/index.php
[2016-06-13 15:03:23,719] WARNING : Not Found: /etc/passwd
[2016-06-13 15:03:23,836] WARNING : Not Found: /etc/hosts
[2016-06-13 15:03:23,963] WARNING : Not Found: /../../../../../../../../../../../../../etc/passwd
[2016-06-13 15:03:24,086] WARNING : Not Found: //../../../../../../../../../../../../../etc/passwd
[2016-06-13 15:03:24,209] WARNING : Not Found: /../../../../../../../../../../../../../etc/hosts
[2016-06-13 15:03:24,341] WARNING : Not Found: /resin-doc/resource/tutorial/jndi-appconfig/test
[2016-06-13 15:03:24,478] WARNING : Not Found: /cgi-bin/test-cgi/
